[2026-02-08 00:29:34] [ERROR] filename format invalid: img_153908_065.jpg
[2026-02-08 00:29:34] [ERROR] filename format invalid: img_153908_067.jpg
[2026-02-08 00:29:34] [INFO] added md5=77d6f6a51ee9c8a27a7d677d933f6dba captcha=630vf9
[2026-02-08 00:29:34] [ERROR] filename format invalid: img_153908_072.jpg
[2026-02-08 00:29:34] [ERROR] filename format invalid: img_153908_086.jpg
[2026-02-08 00:29:34] [ERROR] filename format invalid: img_153908_083.jpg
[2026-02-08 00:29:34] [ERROR] filename format invalid: img_153908_034.jpg
[2026-02-08 00:29:34] [ERROR] filename format invalid: img_153908_052.jpg
[2026-02-08 00:29:34] [ERROR] filename format invalid: img_153908_089.jpg
[2026-02-08 00:29:34] [INFO] added md5=6d560597041e5f315bbbba7360e08b2f captcha=fe1efe
[2026-02-08 00:29:34] [ERROR] filename format invalid: img_153908_040.jpg
[2026-02-08 00:29:34] [ERROR] filename format invalid: img_153908_031.jpg
[2026-02-08 00:29:34] [ERROR] filename format invalid: img_153908_037.jpg
[2026-02-08 00:29:34] [INFO] added md5=a7b2877334a82450b5f60faa218fdcda captcha=35zdfv
[2026-02-08 00:29:34] [INFO] added md5=2b4ff89a2adaa01da60eb5d2b5c268b5 captcha=p9zf14
[2026-02-08 00:29:34] [ERROR] filename format invalid: img_153908_030.jpg
[2026-02-08 00:29:34] [ERROR] filename format invalid: img_153908_084.jpg
[2026-02-08 00:29:34] [ERROR] filename format invalid: img_153908_058.jpg
[2026-02-08 00:29:34] [INFO] added md5=831a0826b7f524091586273b4d5d86d8 captcha=4as1mc
[2026-02-08 00:29:34] [ERROR] filename format invalid: img_153908_076.jpg
[2026-02-08 00:29:34] [INFO] added md5=aa648ce2cc8f5f305b92ce817f2cdb5d captcha=2mcdlf
[2026-02-08 00:29:34] [ERROR] filename format invalid: img_153908_036.jpg
[2026-02-08 00:29:34] [ERROR] filename format invalid: img_153908_070.jpg
[2026-02-08 00:29:34] [INFO] added md5=4d937f4915f5ef10c45534540ad0e0c6 captcha=sbnrap
[2026-02-08 00:29:34] [INFO] added md5=ede27144abaa6cdad324fa180aac491f captcha=vp8wfm
[2026-02-08 00:29:34] [ERROR] filename format invalid: img_153908_047.jpg
[2026-02-08 00:29:34] [ERROR] filename format invalid: img_153908_097.jpg
[2026-02-08 00:29:34] [ERROR] filename format invalid: img_153908_082.jpg
[2026-02-08 00:29:34] [ERROR] filename format invalid: img_153908_061.jpg
[2026-02-08 00:29:34] [ERROR] filename format invalid: img_153908_098.jpg
[2026-02-08 00:29:34] [ERROR] filename format invalid: img_153908_066.jpg
[2026-02-08 00:29:34] [ERROR] filename format invalid: img_153908_078.jpg
[2026-02-08 00:29:34] [ERROR] filename format invalid: img_153908_043.jpg
[2026-02-08 00:29:34] [ERROR] filename format invalid: img_153908_056.jpg
[2026-02-08 00:29:34] [ERROR] filename format invalid: img_153908_062.jpg
[2026-02-08 00:29:34] [ERROR] filename format invalid: img_153908_074.jpg
[2026-02-08 00:29:34] [INFO] added md5=f403a98292d9f82935cf37dc7675a857 captcha=ntzcbk
[2026-02-08 00:29:34] [ERROR] filename format invalid: img_153908_094.jpg
[2026-02-08 00:29:34] [ERROR] filename format invalid: img_153908_068.jpg
[2026-02-08 00:29:34] [ERROR] filename format invalid: img_153908_028.jpg
[2026-02-08 00:29:34] [ERROR] filename format invalid: img_153908_050.jpg
[2026-02-08 00:29:34] [ERROR] filename format invalid: img_153908_027.jpg
[2026-02-08 00:29:34] [ERROR] filename format invalid: img_153908_096.jpg
[2026-02-08 00:29:34] [ERROR] filename format invalid: img_153908_025.jpg
[2026-02-08 00:29:34] [ERROR] filename format invalid: img_153908_044.jpg
[2026-02-08 00:29:34] [ERROR] filename format invalid: img_153908_064.jpg
[2026-02-08 00:29:34] [ERROR] filename format invalid: img_153908_092.jpg
[2026-02-08 00:29:34] [INFO] added md5=e53b091ef618704a13a366cb57bc923f captcha=nh09vx
[2026-02-08 00:29:34] [ERROR] filename format invalid: img_153908_063.jpg
[2026-02-08 00:29:34] [ERROR] filename format invalid: img_153908_055.jpg
[2026-02-08 00:29:34] [ERROR] filename format invalid: img_153908_099.jpg
[2026-02-08 00:29:34] [ERROR] filename format invalid: img_153908_049.jpg
[2026-02-08 00:29:34] [ERROR] filename format invalid: img_153908_081.jpg
[2026-02-08 00:29:34] [INFO] added md5=a59d20907eceb3a65f5862b0610062b5 captcha=2asj7c
[2026-02-08 00:29:34] [INFO] added md5=0ec7e9f11ac982f113b9f7addbb99f8e captcha=as80nj
[2026-02-08 00:29:34] [INFO] added md5=8063ef8110b464f546e7e5b195b788c7 captcha=d8bhm6
[2026-02-08 00:29:34] [ERROR] filename format invalid: img_153908_029.jpg
[2026-02-08 00:29:34] [INFO] added md5=2bd51b12a1bf16aa2377d03057bf8074 captcha=w5v7m7
[2026-02-08 00:29:34] [ERROR] filename format invalid: img_153908_093.jpg
[2026-02-08 00:29:34] [ERROR] filename format invalid: img_153908_039.jpg
[2026-02-08 00:29:34] [ERROR] filename format invalid: img_153908_053.jpg
[2026-02-08 00:29:34] [ERROR] filename format invalid: img_153908_069.jpg
[2026-02-08 00:29:34] [ERROR] filename format invalid: img_153908_041.jpg
[2026-02-08 00:29:34] [ERROR] filename format invalid: img_153908_088.jpg
[2026-02-08 00:29:34] [ERROR] filename format invalid: img_153908_035.jpg
[2026-02-08 00:29:34] [ERROR] filename format invalid: img_153908_046.jpg
[2026-02-08 00:29:34] [ERROR] filename format invalid: img_153908_075.jpg
[2026-02-08 00:29:34] [INFO] added md5=ba4fb5aa1f37fe0e6a6ed444fd5f3674 captcha=xgnesg
[2026-02-08 00:29:34] [ERROR] filename format invalid: img_153908_042.jpg
[2026-02-08 00:29:34] [INFO] added md5=98ca30ff9cf33fafca9c74bf898b45cd captcha=a6c18z
[2026-02-08 00:29:34] [ERROR] filename format invalid: img_153908_095.jpg
[2026-02-08 00:29:34] [ERROR] filename format invalid: img_153908_085.jpg
[2026-02-08 00:29:34] [INFO] added md5=7d8d9549e42adc2f2c4943438a6d6a03 captcha=2xpc4n
[2026-02-08 00:29:34] [ERROR] filename format invalid: img_153908_051.jpg
[2026-02-08 00:29:34] [ERROR] filename format invalid: img_153908_048.jpg
[2026-02-08 00:29:34] [INFO] added md5=d167c0812ea890d1cf6bda69c0b15b40 captcha=4n9t4b
[2026-02-08 00:29:34] [ERROR] filename format invalid: img_153908_057.jpg
[2026-02-08 00:29:34] [INFO] added md5=11e25993b9c561a089793e9a214a8728 captcha=429b0d
[2026-02-08 00:29:34] [ERROR] filename format invalid: img_153908_033.jpg
[2026-02-08 00:29:34] [INFO] added md5=04e985a9410d7e1fabf67edf41ebf1e9 captcha=ml2ftb
[2026-02-08 00:29:34] [ERROR] filename format invalid: img_153908_090.jpg
[2026-02-08 00:29:34] [INFO] added md5=d35778c39d326a0dfb400c918ee4d819 captcha=drgy8b
[2026-02-08 00:29:34] [ERROR] filename format invalid: img_153908_060.jpg
[2026-02-08 00:29:34] [ERROR] filename format invalid: img_153908_032.jpg
[2026-02-08 00:29:34] [ERROR] filename format invalid: img_153908_045.jpg
[2026-02-08 00:29:34] [ERROR] filename format invalid: img_153908_087.jpg
[2026-02-08 00:29:34] [ERROR] filename format invalid: img_153908_079.jpg
[2026-02-08 00:29:34] [INFO] added md5=ab2f4b4cf1ac0c4f704d2877d2bbeeca captcha=wm3ejb
[2026-02-08 00:29:34] [ERROR] filename format invalid: img_153908_100.jpg
[2026-02-08 00:29:34] [ERROR] filename format invalid: img_153908_077.jpg
[2026-02-08 00:29:34] [INFO] added md5=bd339ea3ce9ed97114847d7ab601d4e1 captcha=x94pu5
[2026-02-08 00:29:34] [ERROR] filename format invalid: img_153908_091.jpg
[2026-02-08 00:29:34] [ERROR] filename format invalid: img_153908_071.jpg
[2026-02-08 00:29:34] [INFO] added md5=a44cfacedff27a78cb402e37e92bea42 captcha=89pchm
[2026-02-08 00:29:34] [ERROR] filename format invalid: img_153908_080.jpg
[2026-02-08 00:29:34] [ERROR] filename format invalid: img_153908_026.jpg
[2026-02-08 00:29:34] [ERROR] filename format invalid: img_153908_059.jpg
[2026-02-08 00:29:34] [ERROR] filename format invalid: img_153908_073.jpg
[2026-02-08 00:29:34] [ERROR] filename format invalid: img_153908_038.jpg
[2026-02-08 00:29:34] [ERROR] filename format invalid: img_153908_054.jpg
[2026-02-08 00:29:34] [INFO] processing finished, added 24 new entries
